<?xml version="1.0" encoding="UTF-8"?>
<!-- Generated by org.testng.reporters.JUnitReportReporter -->
<testsuite hostname="LAPTOP-H3NEN01C" failures="0" tests="2" name="com.crm.autodesk.orgtest.CreateOrg" time="24.934" errors="0" timestamp="2021-12-27T16:38:54 IST" skipped="0">
  <testcase classname="com.crm.autodesk.orgtest.CreateOrg" name="createOrgDemo" time="7.315"/>
  <system-out/>
  <testcase classname="com.crm.autodesk.orgtest.CreateOrg" name="createOrgTest" time="17.619"/>
  <system-out/>
</testsuite> <!-- com.crm.autodesk.orgtest.CreateOrg -->
