<?xml version="1.0" encoding="UTF-8"?>
<!-- Generated by org.testng.reporters.JUnitReportReporter -->
<testsuite hostname="LAPTOP-H3NEN01C" failures="0" tests="2" name="com.crm.autodesk.contacttest.CreateContact" time="24.462" errors="0" timestamp="2021-12-27T16:36:52 IST" skipped="0">
  <testcase classname="com.crm.autodesk.contacttest.CreateContact" name="createContactTest" time="19.982"/>
  <system-out/>
  <testcase classname="com.crm.autodesk.contacttest.CreateContact" name="demo" time="4.480"/>
  <system-out/>
</testsuite> <!-- com.crm.autodesk.contacttest.CreateContact -->
