<?xml version="1.0" encoding="UTF-8"?>
<!-- Generated by org.testng.reporters.JUnitReportReporter -->
<testsuite hostname="LAPTOP-H3NEN01C" failures="0" tests="3" name="practice.DataProviderPracticeTest" time="0.015" errors="0" timestamp="2021-12-23T17:49:33 IST" skipped="0">
  <testcase classname="practice.DataProviderPracticeTest" name="readDataProviderTest" time="0.002"/>
  <system-out/>
  <testcase classname="practice.DataProviderPracticeTest" name="readDataProviderTest" time="0.002"/>
  <system-out/>
  <testcase classname="practice.DataProviderPracticeTest" name="readDataProviderTest" time="0.011"/>
  <system-out/>
</testsuite> <!-- practice.DataProviderPracticeTest -->
