<?xml version="1.0" encoding="UTF-8"?>
<!-- Generated by org.testng.reporters.JUnitReportReporter -->
<testsuite hostname="LAPTOP-H3NEN01C" failures="0" tests="2" name="com.crm.autodesk.orgtest.CreateOrgWithIndustry_Type" time="25.241" errors="0" timestamp="2021-12-27T15:01:46 IST" skipped="0">
  <testcase classname="com.crm.autodesk.orgtest.CreateOrgWithIndustry_Type" name="demo" time="4.696"/>
  <system-out/>
  <testcase classname="com.crm.autodesk.orgtest.CreateOrgWithIndustry_Type" name="createContactWithOrgTest" time="20.545"/>
  <system-out/>
</testsuite> <!-- com.crm.autodesk.orgtest.CreateOrgWithIndustry_Type -->
